Flutter crash report.
Please report a bug at https://github.com/flutter/flutter/issues.

## command

flutter pub add video_player

## exception

FileSystemException: FileSystemException: Deletion failed, path = '/Users/styf/Documents/workspace/StyfStudyNotes/StyfStudyNotes/my_flutter/.ios' (OS Error: Directory not empty, errno = 66)

```
#0      _Directory._deleteSync (dart:io/directory_impl.dart:201:7)
#1      FileSystemEntity.deleteSync (dart:io/file_system_entity.dart:408:7)
#2      ForwardingFileSystemEntity.deleteSync (package:file/src/forwarding/forwarding_file_system_entity.dart:70:16)
#3      ErrorHandlingDirectory.deleteSync.<anonymous closure> (package:flutter_tools/src/base/error_handling_io.dart:459:22)
#4      _runSync (package:flutter_tools/src/base/error_handling_io.dart:556:14)
#5      ErrorHandlingDirectory.deleteSync (package:flutter_tools/src/base/error_handling_io.dart:458:12)
#6      _deleteIfExistsSync (package:flutter_tools/src/project.dart:1001:15)
#7      IosProject._regenerateFromTemplateIfNeeded (package:flutter_tools/src/project.dart:654:5)
#8      IosProject.ensureReadyForPlatformSpecificTooling (package:flutter_tools/src/project.dart:605:11)
#9      FlutterProject.ensureReadyForPlatformSpecificTooling (package:flutter_tools/src/project.dart:278:17)
<asynchronous suspension>
#10     PackagesInteractiveGetCommand.runCommand (package:flutter_tools/src/commands/packages.dart:343:5)
<asynchronous suspension>
#11     FlutterCommand.verifyThenRunCommand (package:flutter_tools/src/runner/flutter_command.dart:1157:12)
<asynchronous suspension>
#12     FlutterCommand.run.<anonymous closure> (package:flutter_tools/src/runner/flutter_command.dart:1009:27)
<asynchronous suspension>
#13     AppContext.run.<anonymous closure> (package:flutter_tools/src/base/context.dart:150:19)
<asynchronous suspension>
#14     AppContext.run (package:flutter_tools/src/base/context.dart:149:12)
<asynchronous suspension>
#15     CommandRunner.runCommand (package:args/command_runner.dart:197:13)
<asynchronous suspension>
#16     FlutterCommandRunner.runCommand.<anonymous closure> (package:flutter_tools/src/runner/flutter_command_runner.dart:278:9)
<asynchronous suspension>
#17     AppContext.run.<anonymous closure> (package:flutter_tools/src/base/context.dart:150:19)
<asynchronous suspension>
#18     AppContext.run (package:flutter_tools/src/base/context.dart:149:12)
<asynchronous suspension>
#19     FlutterCommandRunner.runCommand (package:flutter_tools/src/runner/flutter_command_runner.dart:234:5)
<asynchronous suspension>
#20     run.<anonymous closure>.<anonymous closure> (package:flutter_tools/runner.dart:64:9)
<asynchronous suspension>
#21     run.<anonymous closure> (package:flutter_tools/runner.dart:62:12)
<asynchronous suspension>
#22     AppContext.run.<anonymous closure> (package:flutter_tools/src/base/context.dart:150:19)
<asynchronous suspension>
#23     AppContext.run (package:flutter_tools/src/base/context.dart:149:12)
<asynchronous suspension>
#24     runInContext (package:flutter_tools/src/context_runner.dart:73:10)
<asynchronous suspension>
#25     main (package:flutter_tools/executable.dart:90:3)
<asynchronous suspension>
```

## flutter doctor

```
[✓] Flutter (Channel stable, 2.0.6, on Mac OS X 10.15.6 19G2021 darwin-x64, locale zh-Hans-CN)
    • Flutter version 2.0.6 at /Applications/flutter
    • Framework revision 1d9032c7e1 (6 weeks ago), 2021-04-29 17:37:58 -0700
    • Engine revision 05e680e202
    • Dart version 2.12.3
    • Pub download mirror https://pub.flutter-io.cn
    • Flutter download mirror https://storage.flutter-io.cn

[✗] Android toolchain - develop for Android devices
    ✗ Unable to locate Android SDK.
      Install Android Studio from: https://developer.android.com/studio/index.html
      On first launch it will assist you in installing the Android SDK components.
      (or visit https://flutter.dev/docs/get-started/install/macos#android-setup for detailed instructions).
      If the Android SDK has been installed to a custom location, please use
      `flutter config --android-sdk` to update to that location.


[✓] Xcode - develop for iOS and macOS
    • Xcode at /Applications/Xcode.app/Contents/Developer
    • Xcode 12.4, Build version 12D4e
    • CocoaPods version 1.10.0

[✓] Chrome - develop for the web
    • Chrome at /Applications/Google Chrome.app/Contents/MacOS/Google Chrome

[!] Android Studio (not installed)
    • Android Studio not found; download from https://developer.android.com/studio/index.html
      (or visit https://flutter.dev/docs/get-started/install/macos#android-setup for detailed instructions).

[✓] VS Code (version 1.56.2)
    • VS Code at /Applications/Visual Studio Code.app/Contents
    • Flutter extension version 3.23.0

[✓] Connected device (2 available)
    • iPhone 12 Pro Max (mobile) • 2A58FB2B-1D55-4055-B4BC-448D951764AC • ios            • com.apple.CoreSimulator.SimRuntime.iOS-14-4 (simulator)
    • Chrome (web)               • chrome                               • web-javascript • Google Chrome 91.0.4472.101

! Doctor found issues in 2 categories.
```
